[2024-02-14 10:53:32] local.ERROR: Uncaught ReflectionException: Class App\Policies\ModelPolicy does not exist in Command line code:1
Stack trace:
#0 Command line code(1): ReflectionClass->__construct()
#1 [internal function]: {closure}()
#2 Command line code(1): array_map()
#3 {main}
  thrown {"exception":"[object] (Symfony\\Component\\Debug\\Exception\\FatalErrorException(code: 1): Uncaught ReflectionException: Class App\\Policies\\ModelPolicy does not exist in Command line code:1
Stack trace:
#0 Command line code(1): ReflectionClass->__construct()
#1 [internal function]: {closure}()
#2 Command line code(1): array_map()
#3 {main}
  thrown at Command line code:1)
[stacktrace]
#0 {main}
"} 
[2024-02-14 10:53:32] local.ERROR: Key path "file:///var/www/html/skechers/storage/oauth-private.key" does not exist or is not readable {"exception":"[object] (LogicException(code: 0): Key path \"file:///var/www/html/skechers/storage/oauth-private.key\" does not exist or is not readable at /var/www/html/skechers/vendor/league/oauth2-server/src/CryptKey.php:48)
[stacktrace]
#0 /var/www/html/skechers/vendor/laravel/passport/src/PassportServiceProvider.php(243): League\\OAuth2\\Server\\CryptKey->__construct()
#1 /var/www/html/skechers/vendor/laravel/passport/src/PassportServiceProvider.php(209): Laravel\\Passport\\PassportServiceProvider->makeCryptKey()
#2 /var/www/html/skechers/vendor/laravel/passport/src/PassportServiceProvider.php(99): Laravel\\Passport\\PassportServiceProvider->makeAuthorizationServer()
#3 /var/www/html/skechers/vendor/laravel/framework/src/Illuminate/Container/Container.php(785): Laravel\\Passport\\PassportServiceProvider->Laravel\\Passport\\{closure}()
#4 /var/www/html/skechers/vendor/laravel/framework/src/Illuminate/Container/Container.php(667): Illuminate\\Container\\Container->build()
#5 /var/www/html/skechers/vendor/laravel/framework/src/Illuminate/Container/Container.php(615): Illuminate\\Container\\Container->resolve()
#6 /var/www/html/skechers/vendor/laravel/framework/src/Illuminate/Foundation/Application.php(767): Illuminate\\Container\\Container->make()
#7 /var/www/html/skechers/vendor/laravel/framework/src/Illuminate/Container/Container.php(927): Illuminate\\Foundation\\Application->make()
#8 /var/www/html/skechers/vendor/laravel/framework/src/Illuminate/Container/Container.php(855): Illuminate\\Container\\Container->resolveClass()
#9 /var/www/html/skechers/vendor/laravel/framework/src/Illuminate/Container/Container.php(816): Illuminate\\Container\\Container->resolveDependencies()
#10 /var/www/html/skechers/vendor/laravel/framework/src/Illuminate/Container/Container.php(667): Illuminate\\Container\\Container->build()
#11 /var/www/html/skechers/vendor/laravel/framework/src/Illuminate/Container/Container.php(615): Illuminate\\Container\\Container->resolve()
#12 /var/www/html/skechers/vendor/laravel/framework/src/Illuminate/Foundation/Application.php(767): Illuminate\\Container\\Container->make()
#13 /var/www/html/skechers/vendor/laravel/framework/src/Illuminate/Routing/Route.php(233): Illuminate\\Foundation\\Application->make()
#14 /var/www/html/skechers/vendor/laravel/framework/src/Illuminate/Routing/Route.php(833): Illuminate\\Routing\\Route->getController()
#15 /var/www/html/skechers/vendor/laravel/framework/src/Illuminate/Routing/Route.php(794): Illuminate\\Routing\\Route->controllerMiddleware()
#16 /var/www/html/skechers/vendor/laravel/framework/src/Illuminate/Foundation/Console/RouteListCommand.php(173): Illuminate\\Routing\\Route->gatherMiddleware()
#17 /var/www/html/skechers/vendor/laravel/framework/src/Illuminate/Foundation/Console/RouteListCommand.php(117): Illuminate\\Foundation\\Console\\RouteListCommand->getMiddleware()
#18 /var/www/html/skechers/vendor/laravel/framework/src/Illuminate/Foundation/Console/RouteListCommand.php(89): Illuminate\\Foundation\\Console\\RouteListCommand->getRouteInformation()
#19 [internal function]: Illuminate\\Foundation\\Console\\RouteListCommand->Illuminate\\Foundation\\Console\\{closure}()
#20 /var/www/html/skechers/vendor/laravel/framework/src/Illuminate/Support/Collection.php(1120): array_map()
#21 /var/www/html/skechers/vendor/laravel/framework/src/Illuminate/Foundation/Console/RouteListCommand.php(90): Illuminate\\Support\\Collection->map()
#22 /var/www/html/skechers/vendor/laravel/framework/src/Illuminate/Foundation/Console/RouteListCommand.php(74): Illuminate\\Foundation\\Console\\RouteListCommand->getRoutes()
#23 [internal function]: Illuminate\\Foundation\\Console\\RouteListCommand->handle()
#24 /var/www/html/skechers/vendor/laravel/framework/src/Illuminate/Container/BoundMethod.php(32): call_user_func_array()
#25 /var/www/html/skechers/vendor/laravel/framework/src/Illuminate/Container/BoundMethod.php(90): Illuminate\\Container\\BoundMethod::Illuminate\\Container\\{closure}()
#26 /var/www/html/skechers/vendor/laravel/framework/src/Illuminate/Container/BoundMethod.php(34): Illuminate\\Container\\BoundMethod::callBoundMethod()
#27 /var/www/html/skechers/vendor/laravel/framework/src/Illuminate/Container/Container.php(576): Illuminate\\Container\\BoundMethod::call()
#28 /var/www/html/skechers/vendor/laravel/framework/src/Illuminate/Console/Command.php(183): Illuminate\\Container\\Container->call()
#29 /var/www/html/skechers/vendor/symfony/console/Command/Command.php(255): Illuminate\\Console\\Command->execute()
#30 /var/www/html/skechers/vendor/laravel/framework/src/Illuminate/Console/Command.php(170): Symfony\\Component\\Console\\Command\\Command->run()
#31 /var/www/html/skechers/vendor/symfony/console/Application.php(1009): Illuminate\\Console\\Command->run()
#32 /var/www/html/skechers/vendor/symfony/console/Application.php(273): Symfony\\Component\\Console\\Application->doRunCommand()
#33 /var/www/html/skechers/vendor/symfony/console/Application.php(149): Symfony\\Component\\Console\\Application->doRun()
#34 /var/www/html/skechers/vendor/laravel/framework/src/Illuminate/Console/Application.php(90): Symfony\\Component\\Console\\Application->run()
#35 /var/www/html/skechers/vendor/laravel/framework/src/Illuminate/Foundation/Console/Kernel.php(133): Illuminate\\Console\\Application->run()
#36 /var/www/html/skechers/artisan(35): Illuminate\\Foundation\\Console\\Kernel->handle()
#37 {main}
"} 
[2024-02-14 10:53:34] local.ERROR: Key path "file:///var/www/html/skechers/storage/oauth-private.key" does not exist or is not readable {"exception":"[object] (LogicException(code: 0): Key path \"file:///var/www/html/skechers/storage/oauth-private.key\" does not exist or is not readable at /var/www/html/skechers/vendor/league/oauth2-server/src/CryptKey.php:48)
[stacktrace]
#0 /var/www/html/skechers/vendor/laravel/passport/src/PassportServiceProvider.php(243): League\\OAuth2\\Server\\CryptKey->__construct()
#1 /var/www/html/skechers/vendor/laravel/passport/src/PassportServiceProvider.php(209): Laravel\\Passport\\PassportServiceProvider->makeCryptKey()
#2 /var/www/html/skechers/vendor/laravel/passport/src/PassportServiceProvider.php(99): Laravel\\Passport\\PassportServiceProvider->makeAuthorizationServer()
#3 /var/www/html/skechers/vendor/laravel/framework/src/Illuminate/Container/Container.php(785): Laravel\\Passport\\PassportServiceProvider->Laravel\\Passport\\{closure}()
#4 /var/www/html/skechers/vendor/laravel/framework/src/Illuminate/Container/Container.php(667): Illuminate\\Container\\Container->build()
#5 /var/www/html/skechers/vendor/laravel/framework/src/Illuminate/Container/Container.php(615): Illuminate\\Container\\Container->resolve()
#6 /var/www/html/skechers/vendor/laravel/framework/src/Illuminate/Foundation/Application.php(767): Illuminate\\Container\\Container->make()
#7 /var/www/html/skechers/vendor/laravel/framework/src/Illuminate/Container/Container.php(927): Illuminate\\Foundation\\Application->make()
#8 /var/www/html/skechers/vendor/laravel/framework/src/Illuminate/Container/Container.php(855): Illuminate\\Container\\Container->resolveClass()
#9 /var/www/html/skechers/vendor/laravel/framework/src/Illuminate/Container/Container.php(816): Illuminate\\Container\\Container->resolveDependencies()
#10 /var/www/html/skechers/vendor/laravel/framework/src/Illuminate/Container/Container.php(667): Illuminate\\Container\\Container->build()
#11 /var/www/html/skechers/vendor/laravel/framework/src/Illuminate/Container/Container.php(615): Illuminate\\Container\\Container->resolve()
#12 /var/www/html/skechers/vendor/laravel/framework/src/Illuminate/Foundation/Application.php(767): Illuminate\\Container\\Container->make()
#13 /var/www/html/skechers/vendor/laravel/framework/src/Illuminate/Routing/Route.php(233): Illuminate\\Foundation\\Application->make()
#14 /var/www/html/skechers/vendor/laravel/framework/src/Illuminate/Routing/Route.php(833): Illuminate\\Routing\\Route->getController()
#15 /var/www/html/skechers/vendor/laravel/framework/src/Illuminate/Routing/Route.php(794): Illuminate\\Routing\\Route->controllerMiddleware()
#16 /var/www/html/skechers/vendor/laravel/framework/src/Illuminate/Foundation/Console/RouteListCommand.php(173): Illuminate\\Routing\\Route->gatherMiddleware()
#17 /var/www/html/skechers/vendor/laravel/framework/src/Illuminate/Foundation/Console/RouteListCommand.php(117): Illuminate\\Foundation\\Console\\RouteListCommand->getMiddleware()
#18 /var/www/html/skechers/vendor/laravel/framework/src/Illuminate/Foundation/Console/RouteListCommand.php(89): Illuminate\\Foundation\\Console\\RouteListCommand->getRouteInformation()
#19 [internal function]: Illuminate\\Foundation\\Console\\RouteListCommand->Illuminate\\Foundation\\Console\\{closure}()
#20 /var/www/html/skechers/vendor/laravel/framework/src/Illuminate/Support/Collection.php(1120): array_map()
#21 /var/www/html/skechers/vendor/laravel/framework/src/Illuminate/Foundation/Console/RouteListCommand.php(90): Illuminate\\Support\\Collection->map()
#22 /var/www/html/skechers/vendor/laravel/framework/src/Illuminate/Foundation/Console/RouteListCommand.php(74): Illuminate\\Foundation\\Console\\RouteListCommand->getRoutes()
#23 [internal function]: Illuminate\\Foundation\\Console\\RouteListCommand->handle()
#24 /var/www/html/skechers/vendor/laravel/framework/src/Illuminate/Container/BoundMethod.php(32): call_user_func_array()
#25 /var/www/html/skechers/vendor/laravel/framework/src/Illuminate/Container/BoundMethod.php(90): Illuminate\\Container\\BoundMethod::Illuminate\\Container\\{closure}()
#26 /var/www/html/skechers/vendor/laravel/framework/src/Illuminate/Container/BoundMethod.php(34): Illuminate\\Container\\BoundMethod::callBoundMethod()
#27 /var/www/html/skechers/vendor/laravel/framework/src/Illuminate/Container/Container.php(576): Illuminate\\Container\\BoundMethod::call()
#28 /var/www/html/skechers/vendor/laravel/framework/src/Illuminate/Console/Command.php(183): Illuminate\\Container\\Container->call()
#29 /var/www/html/skechers/vendor/symfony/console/Command/Command.php(255): Illuminate\\Console\\Command->execute()
#30 /var/www/html/skechers/vendor/laravel/framework/src/Illuminate/Console/Command.php(170): Symfony\\Component\\Console\\Command\\Command->run()
#31 /var/www/html/skechers/vendor/symfony/console/Application.php(1009): Illuminate\\Console\\Command->run()
#32 /var/www/html/skechers/vendor/symfony/console/Application.php(273): Symfony\\Component\\Console\\Application->doRunCommand()
#33 /var/www/html/skechers/vendor/symfony/console/Application.php(149): Symfony\\Component\\Console\\Application->doRun()
#34 /var/www/html/skechers/vendor/laravel/framework/src/Illuminate/Console/Application.php(90): Symfony\\Component\\Console\\Application->run()
#35 /var/www/html/skechers/vendor/laravel/framework/src/Illuminate/Foundation/Console/Kernel.php(133): Illuminate\\Console\\Application->run()
#36 /var/www/html/skechers/artisan(35): Illuminate\\Foundation\\Console\\Kernel->handle()
#37 {main}
"} 
[2024-02-14 10:53:36] local.ERROR: Key path "file:///var/www/html/skechers/storage/oauth-private.key" does not exist or is not readable {"exception":"[object] (LogicException(code: 0): Key path \"file:///var/www/html/skechers/storage/oauth-private.key\" does not exist or is not readable at /var/www/html/skechers/vendor/league/oauth2-server/src/CryptKey.php:48)
[stacktrace]
#0 /var/www/html/skechers/vendor/laravel/passport/src/PassportServiceProvider.php(243): League\\OAuth2\\Server\\CryptKey->__construct()
#1 /var/www/html/skechers/vendor/laravel/passport/src/PassportServiceProvider.php(209): Laravel\\Passport\\PassportServiceProvider->makeCryptKey()
#2 /var/www/html/skechers/vendor/laravel/passport/src/PassportServiceProvider.php(99): Laravel\\Passport\\PassportServiceProvider->makeAuthorizationServer()
#3 /var/www/html/skechers/vendor/laravel/framework/src/Illuminate/Container/Container.php(785): Laravel\\Passport\\PassportServiceProvider->Laravel\\Passport\\{closure}()
#4 /var/www/html/skechers/vendor/laravel/framework/src/Illuminate/Container/Container.php(667): Illuminate\\Container\\Container->build()
#5 /var/www/html/skechers/vendor/laravel/framework/src/Illuminate/Container/Container.php(615): Illuminate\\Container\\Container->resolve()
#6 /var/www/html/skechers/vendor/laravel/framework/src/Illuminate/Foundation/Application.php(767): Illuminate\\Container\\Container->make()
#7 /var/www/html/skechers/vendor/laravel/framework/src/Illuminate/Container/Container.php(927): Illuminate\\Foundation\\Application->make()
#8 /var/www/html/skechers/vendor/laravel/framework/src/Illuminate/Container/Container.php(855): Illuminate\\Container\\Container->resolveClass()
#9 /var/www/html/skechers/vendor/laravel/framework/src/Illuminate/Container/Container.php(816): Illuminate\\Container\\Container->resolveDependencies()
#10 /var/www/html/skechers/vendor/laravel/framework/src/Illuminate/Container/Container.php(667): Illuminate\\Container\\Container->build()
#11 /var/www/html/skechers/vendor/laravel/framework/src/Illuminate/Container/Container.php(615): Illuminate\\Container\\Container->resolve()
#12 /var/www/html/skechers/vendor/laravel/framework/src/Illuminate/Foundation/Application.php(767): Illuminate\\Container\\Container->make()
#13 /var/www/html/skechers/vendor/laravel/framework/src/Illuminate/Routing/Route.php(233): Illuminate\\Foundation\\Application->make()
#14 /var/www/html/skechers/vendor/laravel/framework/src/Illuminate/Routing/Route.php(833): Illuminate\\Routing\\Route->getController()
#15 /var/www/html/skechers/vendor/laravel/framework/src/Illuminate/Routing/Route.php(794): Illuminate\\Routing\\Route->controllerMiddleware()
#16 /var/www/html/skechers/vendor/laravel/framework/src/Illuminate/Foundation/Console/RouteListCommand.php(173): Illuminate\\Routing\\Route->gatherMiddleware()
#17 /var/www/html/skechers/vendor/laravel/framework/src/Illuminate/Foundation/Console/RouteListCommand.php(117): Illuminate\\Foundation\\Console\\RouteListCommand->getMiddleware()
#18 /var/www/html/skechers/vendor/laravel/framework/src/Illuminate/Foundation/Console/RouteListCommand.php(89): Illuminate\\Foundation\\Console\\RouteListCommand->getRouteInformation()
#19 [internal function]: Illuminate\\Foundation\\Console\\RouteListCommand->Illuminate\\Foundation\\Console\\{closure}()
#20 /var/www/html/skechers/vendor/laravel/framework/src/Illuminate/Support/Collection.php(1120): array_map()
#21 /var/www/html/skechers/vendor/laravel/framework/src/Illuminate/Foundation/Console/RouteListCommand.php(90): Illuminate\\Support\\Collection->map()
#22 /var/www/html/skechers/vendor/laravel/framework/src/Illuminate/Foundation/Console/RouteListCommand.php(74): Illuminate\\Foundation\\Console\\RouteListCommand->getRoutes()
#23 [internal function]: Illuminate\\Foundation\\Console\\RouteListCommand->handle()
#24 /var/www/html/skechers/vendor/laravel/framework/src/Illuminate/Container/BoundMethod.php(32): call_user_func_array()
#25 /var/www/html/skechers/vendor/laravel/framework/src/Illuminate/Container/BoundMethod.php(90): Illuminate\\Container\\BoundMethod::Illuminate\\Container\\{closure}()
#26 /var/www/html/skechers/vendor/laravel/framework/src/Illuminate/Container/BoundMethod.php(34): Illuminate\\Container\\BoundMethod::callBoundMethod()
#27 /var/www/html/skechers/vendor/laravel/framework/src/Illuminate/Container/Container.php(576): Illuminate\\Container\\BoundMethod::call()
#28 /var/www/html/skechers/vendor/laravel/framework/src/Illuminate/Console/Command.php(183): Illuminate\\Container\\Container->call()
#29 /var/www/html/skechers/vendor/symfony/console/Command/Command.php(255): Illuminate\\Console\\Command->execute()
#30 /var/www/html/skechers/vendor/laravel/framework/src/Illuminate/Console/Command.php(170): Symfony\\Component\\Console\\Command\\Command->run()
#31 /var/www/html/skechers/vendor/symfony/console/Application.php(1009): Illuminate\\Console\\Command->run()
#32 /var/www/html/skechers/vendor/symfony/console/Application.php(273): Symfony\\Component\\Console\\Application->doRunCommand()
#33 /var/www/html/skechers/vendor/symfony/console/Application.php(149): Symfony\\Component\\Console\\Application->doRun()
#34 /var/www/html/skechers/vendor/laravel/framework/src/Illuminate/Console/Application.php(90): Symfony\\Component\\Console\\Application->run()
#35 /var/www/html/skechers/vendor/laravel/framework/src/Illuminate/Foundation/Console/Kernel.php(133): Illuminate\\Console\\Application->run()
#36 /var/www/html/skechers/artisan(35): Illuminate\\Foundation\\Console\\Kernel->handle()
#37 {main}
"} 
[2024-02-14 10:54:31] local.ERROR: Uncaught ReflectionException: Class App\Policies\ModelPolicy does not exist in Command line code:1
Stack trace:
#0 Command line code(1): ReflectionClass->__construct()
#1 [internal function]: {closure}()
#2 Command line code(1): array_map()
#3 {main}
  thrown {"exception":"[object] (Symfony\\Component\\Debug\\Exception\\FatalErrorException(code: 1): Uncaught ReflectionException: Class App\\Policies\\ModelPolicy does not exist in Command line code:1
Stack trace:
#0 Command line code(1): ReflectionClass->__construct()
#1 [internal function]: {closure}()
#2 Command line code(1): array_map()
#3 {main}
  thrown at Command line code:1)
[stacktrace]
#0 {main}
"} 
[2024-02-14 10:55:31] local.ERROR: Uncaught ReflectionException: Class App\Policies\ModelPolicy does not exist in Command line code:1
Stack trace:
#0 Command line code(1): ReflectionClass->__construct()
#1 [internal function]: {closure}()
#2 Command line code(1): array_map()
#3 {main}
  thrown {"exception":"[object] (Symfony\\Component\\Debug\\Exception\\FatalErrorException(code: 1): Uncaught ReflectionException: Class App\\Policies\\ModelPolicy does not exist in Command line code:1
Stack trace:
#0 Command line code(1): ReflectionClass->__construct()
#1 [internal function]: {closure}()
#2 Command line code(1): array_map()
#3 {main}
  thrown at Command line code:1)
[stacktrace]
#0 {main}
"} 
[2024-02-14 10:56:31] local.ERROR: Uncaught ReflectionException: Class App\Policies\ModelPolicy does not exist in Command line code:1
Stack trace:
#0 Command line code(1): ReflectionClass->__construct()
#1 [internal function]: {closure}()
#2 Command line code(1): array_map()
#3 {main}
  thrown {"exception":"[object] (Symfony\\Component\\Debug\\Exception\\FatalErrorException(code: 1): Uncaught ReflectionException: Class App\\Policies\\ModelPolicy does not exist in Command line code:1
Stack trace:
#0 Command line code(1): ReflectionClass->__construct()
#1 [internal function]: {closure}()
#2 Command line code(1): array_map()
#3 {main}
  thrown at Command line code:1)
[stacktrace]
#0 {main}
"} 
[2024-02-14 10:57:31] local.ERROR: Uncaught ReflectionException: Class App\Policies\ModelPolicy does not exist in Command line code:1
Stack trace:
#0 Command line code(1): ReflectionClass->__construct()
#1 [internal function]: {closure}()
#2 Command line code(1): array_map()
#3 {main}
  thrown {"exception":"[object] (Symfony\\Component\\Debug\\Exception\\FatalErrorException(code: 1): Uncaught ReflectionException: Class App\\Policies\\ModelPolicy does not exist in Command line code:1
Stack trace:
#0 Command line code(1): ReflectionClass->__construct()
#1 [internal function]: {closure}()
#2 Command line code(1): array_map()
#3 {main}
  thrown at Command line code:1)
[stacktrace]
#0 {main}
"} 
[2024-02-14 10:58:31] local.ERROR: Uncaught ReflectionException: Class App\Policies\ModelPolicy does not exist in Command line code:1
Stack trace:
#0 Command line code(1): ReflectionClass->__construct()
#1 [internal function]: {closure}()
#2 Command line code(1): array_map()
#3 {main}
  thrown {"exception":"[object] (Symfony\\Component\\Debug\\Exception\\FatalErrorException(code: 1): Uncaught ReflectionException: Class App\\Policies\\ModelPolicy does not exist in Command line code:1
Stack trace:
#0 Command line code(1): ReflectionClass->__construct()
#1 [internal function]: {closure}()
#2 Command line code(1): array_map()
#3 {main}
  thrown at Command line code:1)
[stacktrace]
#0 {main}
"} 
[2024-02-14 10:59:31] local.ERROR: Uncaught ReflectionException: Class App\Policies\ModelPolicy does not exist in Command line code:1
Stack trace:
#0 Command line code(1): ReflectionClass->__construct()
#1 [internal function]: {closure}()
#2 Command line code(1): array_map()
#3 {main}
  thrown {"exception":"[object] (Symfony\\Component\\Debug\\Exception\\FatalErrorException(code: 1): Uncaught ReflectionException: Class App\\Policies\\ModelPolicy does not exist in Command line code:1
Stack trace:
#0 Command line code(1): ReflectionClass->__construct()
#1 [internal function]: {closure}()
#2 Command line code(1): array_map()
#3 {main}
  thrown at Command line code:1)
[stacktrace]
#0 {main}
"} 
[2024-02-14 11:00:31] local.ERROR: Class App\Utils\TransactionUtil does not exist {"exception":"[object] (ReflectionException(code: 0): Class App\\Utils\\TransactionUtil does not exist at /var/www/html/skechers/vendor/laravel/framework/src/Illuminate/Container/Container.php:853, ParseError(code: 0): syntax error, unexpected '<<' (T_SL) at /var/www/html/skechers/app/Utils/TransactionUtil.php:3026)
[stacktrace]
#0 /var/www/html/skechers/vendor/laravel/framework/src/Illuminate/Container/Container.php(853): ReflectionParameter->getClass()
#1 /var/www/html/skechers/vendor/laravel/framework/src/Illuminate/Container/Container.php(816): Illuminate\\Container\\Container->resolveDependencies()
#2 /var/www/html/skechers/vendor/laravel/framework/src/Illuminate/Container/Container.php(667): Illuminate\\Container\\Container->build()
#3 /var/www/html/skechers/vendor/laravel/framework/src/Illuminate/Container/Container.php(615): Illuminate\\Container\\Container->resolve()
#4 /var/www/html/skechers/vendor/laravel/framework/src/Illuminate/Foundation/Application.php(767): Illuminate\\Container\\Container->make()
#5 /var/www/html/skechers/vendor/laravel/framework/src/Illuminate/Console/Application.php(258): Illuminate\\Foundation\\Application->make()
#6 /var/www/html/skechers/vendor/laravel/framework/src/Illuminate/Foundation/Console/Kernel.php(244): Illuminate\\Console\\Application->resolve()
#7 /var/www/html/skechers/vendor/laravel/framework/src/Illuminate/Console/Application.php(149): Illuminate\\Foundation\\Console\\Kernel->Illuminate\\Foundation\\Console\\{closure}()
#8 /var/www/html/skechers/vendor/laravel/framework/src/Illuminate/Console/Application.php(72): Illuminate\\Console\\Application->bootstrap()
#9 /var/www/html/skechers/vendor/laravel/framework/src/Illuminate/Foundation/Console/Kernel.php(342): Illuminate\\Console\\Application->__construct()
#10 /var/www/html/skechers/vendor/laravel/framework/src/Illuminate/Foundation/Console/Kernel.php(133): Illuminate\\Foundation\\Console\\Kernel->getArtisan()
#11 Command line code(1): Illuminate\\Foundation\\Console\\Kernel->handle()
#12 {main}
"} 
[2024-02-14 11:00:31] local.ERROR: Class App\Utils\TransactionUtil does not exist {"exception":"[object] (ReflectionException(code: 0): Class App\\Utils\\TransactionUtil does not exist at /var/www/html/skechers/vendor/laravel/framework/src/Illuminate/Container/Container.php:853, ParseError(code: 0): syntax error, unexpected '<<' (T_SL) at /var/www/html/skechers/app/Utils/TransactionUtil.php:3026)
[stacktrace]
#0 /var/www/html/skechers/vendor/laravel/framework/src/Illuminate/Container/Container.php(853): ReflectionParameter->getClass()
#1 /var/www/html/skechers/vendor/laravel/framework/src/Illuminate/Container/Container.php(816): Illuminate\\Container\\Container->resolveDependencies()
#2 /var/www/html/skechers/vendor/laravel/framework/src/Illuminate/Container/Container.php(667): Illuminate\\Container\\Container->build()
#3 /var/www/html/skechers/vendor/laravel/framework/src/Illuminate/Container/Container.php(615): Illuminate\\Container\\Container->resolve()
#4 /var/www/html/skechers/vendor/laravel/framework/src/Illuminate/Foundation/Application.php(767): Illuminate\\Container\\Container->make()
#5 /var/www/html/skechers/vendor/laravel/framework/src/Illuminate/Console/Application.php(258): Illuminate\\Foundation\\Application->make()
#6 /var/www/html/skechers/vendor/laravel/framework/src/Illuminate/Foundation/Console/Kernel.php(244): Illuminate\\Console\\Application->resolve()
#7 /var/www/html/skechers/vendor/laravel/framework/src/Illuminate/Console/Application.php(149): Illuminate\\Foundation\\Console\\Kernel->Illuminate\\Foundation\\Console\\{closure}()
#8 /var/www/html/skechers/vendor/laravel/framework/src/Illuminate/Console/Application.php(72): Illuminate\\Console\\Application->bootstrap()
#9 /var/www/html/skechers/vendor/laravel/framework/src/Illuminate/Foundation/Console/Kernel.php(342): Illuminate\\Console\\Application->__construct()
#10 /var/www/html/skechers/vendor/laravel/framework/src/Illuminate/Foundation/Console/Kernel.php(133): Illuminate\\Foundation\\Console\\Kernel->getArtisan()
#11 Command line code(1): Illuminate\\Foundation\\Console\\Kernel->handle()
#12 {main}
"} 
[2024-02-14 11:00:31] local.ERROR: Uncaught ReflectionException: Class App\Policies\ModelPolicy does not exist in Command line code:1
Stack trace:
#0 Command line code(1): ReflectionClass->__construct()
#1 [internal function]: {closure}()
#2 Command line code(1): array_map()
#3 {main}
  thrown {"exception":"[object] (Symfony\\Component\\Debug\\Exception\\FatalErrorException(code: 1): Uncaught ReflectionException: Class App\\Policies\\ModelPolicy does not exist in Command line code:1
Stack trace:
#0 Command line code(1): ReflectionClass->__construct()
#1 [internal function]: {closure}()
#2 Command line code(1): array_map()
#3 {main}
  thrown at Command line code:1)
[stacktrace]
#0 {main}
"} 
