[2024-02-23 18:23:53] local.ERROR: Class App\Utils\TransactionUtil does not exist {"exception":"[object] (ReflectionException(code: 0): Class App\\Utils\\TransactionUtil does not exist at /var/www/html/skechers/vendor/laravel/framework/src/Illuminate/Container/Container.php:853, ParseError(code: 0): syntax error, unexpected '<<' (T_SL), expecting ']' at /var/www/html/skechers/app/Utils/TransactionUtil.php:61)
[stacktrace]
#0 /var/www/html/skechers/vendor/laravel/framework/src/Illuminate/Container/Container.php(853): ReflectionParameter->getClass()
#1 /var/www/html/skechers/vendor/laravel/framework/src/Illuminate/Container/Container.php(816): Illuminate\\Container\\Container->resolveDependencies()
#2 /var/www/html/skechers/vendor/laravel/framework/src/Illuminate/Container/Container.php(667): Illuminate\\Container\\Container->build()
#3 /var/www/html/skechers/vendor/laravel/framework/src/Illuminate/Container/Container.php(615): Illuminate\\Container\\Container->resolve()
#4 /var/www/html/skechers/vendor/laravel/framework/src/Illuminate/Foundation/Application.php(767): Illuminate\\Container\\Container->make()
#5 /var/www/html/skechers/vendor/laravel/framework/src/Illuminate/Console/Application.php(258): Illuminate\\Foundation\\Application->make()
#6 /var/www/html/skechers/vendor/laravel/framework/src/Illuminate/Foundation/Console/Kernel.php(244): Illuminate\\Console\\Application->resolve()
#7 /var/www/html/skechers/vendor/laravel/framework/src/Illuminate/Console/Application.php(149): Illuminate\\Foundation\\Console\\Kernel->Illuminate\\Foundation\\Console\\{closure}()
#8 /var/www/html/skechers/vendor/laravel/framework/src/Illuminate/Console/Application.php(72): Illuminate\\Console\\Application->bootstrap()
#9 /var/www/html/skechers/vendor/laravel/framework/src/Illuminate/Foundation/Console/Kernel.php(342): Illuminate\\Console\\Application->__construct()
#10 /var/www/html/skechers/vendor/laravel/framework/src/Illuminate/Foundation/Console/Kernel.php(133): Illuminate\\Foundation\\Console\\Kernel->getArtisan()
#11 Command line code(1): Illuminate\\Foundation\\Console\\Kernel->handle()
#12 {main}
"} 
[2024-02-23 18:23:53] local.ERROR: Class App\Utils\TransactionUtil does not exist {"exception":"[object] (ReflectionException(code: 0): Class App\\Utils\\TransactionUtil does not exist at /var/www/html/skechers/vendor/laravel/framework/src/Illuminate/Container/Container.php:853, ParseError(code: 0): syntax error, unexpected '<<' (T_SL), expecting ']' at /var/www/html/skechers/app/Utils/TransactionUtil.php:61)
[stacktrace]
#0 /var/www/html/skechers/vendor/laravel/framework/src/Illuminate/Container/Container.php(853): ReflectionParameter->getClass()
#1 /var/www/html/skechers/vendor/laravel/framework/src/Illuminate/Container/Container.php(816): Illuminate\\Container\\Container->resolveDependencies()
#2 /var/www/html/skechers/vendor/laravel/framework/src/Illuminate/Container/Container.php(667): Illuminate\\Container\\Container->build()
#3 /var/www/html/skechers/vendor/laravel/framework/src/Illuminate/Container/Container.php(615): Illuminate\\Container\\Container->resolve()
#4 /var/www/html/skechers/vendor/laravel/framework/src/Illuminate/Foundation/Application.php(767): Illuminate\\Container\\Container->make()
#5 /var/www/html/skechers/vendor/laravel/framework/src/Illuminate/Console/Application.php(258): Illuminate\\Foundation\\Application->make()
#6 /var/www/html/skechers/vendor/laravel/framework/src/Illuminate/Foundation/Console/Kernel.php(244): Illuminate\\Console\\Application->resolve()
#7 /var/www/html/skechers/vendor/laravel/framework/src/Illuminate/Console/Application.php(149): Illuminate\\Foundation\\Console\\Kernel->Illuminate\\Foundation\\Console\\{closure}()
#8 /var/www/html/skechers/vendor/laravel/framework/src/Illuminate/Console/Application.php(72): Illuminate\\Console\\Application->bootstrap()
#9 /var/www/html/skechers/vendor/laravel/framework/src/Illuminate/Foundation/Console/Kernel.php(342): Illuminate\\Console\\Application->__construct()
#10 /var/www/html/skechers/vendor/laravel/framework/src/Illuminate/Foundation/Console/Kernel.php(133): Illuminate\\Foundation\\Console\\Kernel->getArtisan()
#11 Command line code(1): Illuminate\\Foundation\\Console\\Kernel->handle()
#12 {main}
"} 
[2024-02-23 18:23:53] local.ERROR: Class App\Utils\TransactionUtil does not exist {"exception":"[object] (ReflectionException(code: 0): Class App\\Utils\\TransactionUtil does not exist at /var/www/html/skechers/vendor/laravel/framework/src/Illuminate/Container/Container.php:853, ParseError(code: 0): syntax error, unexpected '<<' (T_SL), expecting ']' at /var/www/html/skechers/app/Utils/TransactionUtil.php:61)
[stacktrace]
#0 /var/www/html/skechers/vendor/laravel/framework/src/Illuminate/Container/Container.php(853): ReflectionParameter->getClass()
#1 /var/www/html/skechers/vendor/laravel/framework/src/Illuminate/Container/Container.php(816): Illuminate\\Container\\Container->resolveDependencies()
#2 /var/www/html/skechers/vendor/laravel/framework/src/Illuminate/Container/Container.php(667): Illuminate\\Container\\Container->build()
#3 /var/www/html/skechers/vendor/laravel/framework/src/Illuminate/Container/Container.php(615): Illuminate\\Container\\Container->resolve()
#4 /var/www/html/skechers/vendor/laravel/framework/src/Illuminate/Foundation/Application.php(767): Illuminate\\Container\\Container->make()
#5 /var/www/html/skechers/vendor/laravel/framework/src/Illuminate/Console/Application.php(258): Illuminate\\Foundation\\Application->make()
#6 /var/www/html/skechers/vendor/laravel/framework/src/Illuminate/Foundation/Console/Kernel.php(244): Illuminate\\Console\\Application->resolve()
#7 /var/www/html/skechers/vendor/laravel/framework/src/Illuminate/Console/Application.php(149): Illuminate\\Foundation\\Console\\Kernel->Illuminate\\Foundation\\Console\\{closure}()
#8 /var/www/html/skechers/vendor/laravel/framework/src/Illuminate/Console/Application.php(72): Illuminate\\Console\\Application->bootstrap()
#9 /var/www/html/skechers/vendor/laravel/framework/src/Illuminate/Foundation/Console/Kernel.php(342): Illuminate\\Console\\Application->__construct()
#10 /var/www/html/skechers/vendor/laravel/framework/src/Illuminate/Foundation/Console/Kernel.php(133): Illuminate\\Foundation\\Console\\Kernel->getArtisan()
#11 Command line code(1): Illuminate\\Foundation\\Console\\Kernel->handle()
#12 {main}
"} 
[2024-02-23 18:23:54] local.ERROR: Class App\Utils\TransactionUtil does not exist {"exception":"[object] (ReflectionException(code: 0): Class App\\Utils\\TransactionUtil does not exist at /var/www/html/skechers/vendor/laravel/framework/src/Illuminate/Container/Container.php:853, ParseError(code: 0): syntax error, unexpected '<<' (T_SL), expecting ']' at /var/www/html/skechers/app/Utils/TransactionUtil.php:61)
[stacktrace]
#0 /var/www/html/skechers/vendor/laravel/framework/src/Illuminate/Container/Container.php(853): ReflectionParameter->getClass()
#1 /var/www/html/skechers/vendor/laravel/framework/src/Illuminate/Container/Container.php(816): Illuminate\\Container\\Container->resolveDependencies()
#2 /var/www/html/skechers/vendor/laravel/framework/src/Illuminate/Container/Container.php(667): Illuminate\\Container\\Container->build()
#3 /var/www/html/skechers/vendor/laravel/framework/src/Illuminate/Container/Container.php(615): Illuminate\\Container\\Container->resolve()
#4 /var/www/html/skechers/vendor/laravel/framework/src/Illuminate/Foundation/Application.php(767): Illuminate\\Container\\Container->make()
#5 /var/www/html/skechers/vendor/laravel/framework/src/Illuminate/Console/Application.php(258): Illuminate\\Foundation\\Application->make()
#6 /var/www/html/skechers/vendor/laravel/framework/src/Illuminate/Foundation/Console/Kernel.php(244): Illuminate\\Console\\Application->resolve()
#7 /var/www/html/skechers/vendor/laravel/framework/src/Illuminate/Console/Application.php(149): Illuminate\\Foundation\\Console\\Kernel->Illuminate\\Foundation\\Console\\{closure}()
#8 /var/www/html/skechers/vendor/laravel/framework/src/Illuminate/Console/Application.php(72): Illuminate\\Console\\Application->bootstrap()
#9 /var/www/html/skechers/vendor/laravel/framework/src/Illuminate/Foundation/Console/Kernel.php(342): Illuminate\\Console\\Application->__construct()
#10 /var/www/html/skechers/vendor/laravel/framework/src/Illuminate/Foundation/Console/Kernel.php(133): Illuminate\\Foundation\\Console\\Kernel->getArtisan()
#11 Command line code(1): Illuminate\\Foundation\\Console\\Kernel->handle()
#12 {main}
"} 
[2024-02-23 18:23:54] local.ERROR: Class App\Utils\TransactionUtil does not exist {"exception":"[object] (ReflectionException(code: 0): Class App\\Utils\\TransactionUtil does not exist at /var/www/html/skechers/vendor/laravel/framework/src/Illuminate/Container/Container.php:853, ParseError(code: 0): syntax error, unexpected '<<' (T_SL), expecting ']' at /var/www/html/skechers/app/Utils/TransactionUtil.php:61)
[stacktrace]
#0 /var/www/html/skechers/vendor/laravel/framework/src/Illuminate/Container/Container.php(853): ReflectionParameter->getClass()
#1 /var/www/html/skechers/vendor/laravel/framework/src/Illuminate/Container/Container.php(816): Illuminate\\Container\\Container->resolveDependencies()
#2 /var/www/html/skechers/vendor/laravel/framework/src/Illuminate/Container/Container.php(667): Illuminate\\Container\\Container->build()
#3 /var/www/html/skechers/vendor/laravel/framework/src/Illuminate/Container/Container.php(615): Illuminate\\Container\\Container->resolve()
#4 /var/www/html/skechers/vendor/laravel/framework/src/Illuminate/Foundation/Application.php(767): Illuminate\\Container\\Container->make()
#5 /var/www/html/skechers/vendor/laravel/framework/src/Illuminate/Console/Application.php(258): Illuminate\\Foundation\\Application->make()
#6 /var/www/html/skechers/vendor/laravel/framework/src/Illuminate/Foundation/Console/Kernel.php(244): Illuminate\\Console\\Application->resolve()
#7 /var/www/html/skechers/vendor/laravel/framework/src/Illuminate/Console/Application.php(149): Illuminate\\Foundation\\Console\\Kernel->Illuminate\\Foundation\\Console\\{closure}()
#8 /var/www/html/skechers/vendor/laravel/framework/src/Illuminate/Console/Application.php(72): Illuminate\\Console\\Application->bootstrap()
#9 /var/www/html/skechers/vendor/laravel/framework/src/Illuminate/Foundation/Console/Kernel.php(342): Illuminate\\Console\\Application->__construct()
#10 /var/www/html/skechers/vendor/laravel/framework/src/Illuminate/Foundation/Console/Kernel.php(133): Illuminate\\Foundation\\Console\\Kernel->getArtisan()
#11 Command line code(1): Illuminate\\Foundation\\Console\\Kernel->handle()
#12 {main}
"} 
[2024-02-23 18:23:54] local.ERROR: Class App\Utils\TransactionUtil does not exist {"exception":"[object] (ReflectionException(code: 0): Class App\\Utils\\TransactionUtil does not exist at /var/www/html/skechers/vendor/laravel/framework/src/Illuminate/Container/Container.php:853, ParseError(code: 0): syntax error, unexpected '<<' (T_SL), expecting ']' at /var/www/html/skechers/app/Utils/TransactionUtil.php:61)
[stacktrace]
#0 /var/www/html/skechers/vendor/laravel/framework/src/Illuminate/Container/Container.php(853): ReflectionParameter->getClass()
#1 /var/www/html/skechers/vendor/laravel/framework/src/Illuminate/Container/Container.php(816): Illuminate\\Container\\Container->resolveDependencies()
#2 /var/www/html/skechers/vendor/laravel/framework/src/Illuminate/Container/Container.php(667): Illuminate\\Container\\Container->build()
#3 /var/www/html/skechers/vendor/laravel/framework/src/Illuminate/Container/Container.php(615): Illuminate\\Container\\Container->resolve()
#4 /var/www/html/skechers/vendor/laravel/framework/src/Illuminate/Foundation/Application.php(767): Illuminate\\Container\\Container->make()
#5 /var/www/html/skechers/vendor/laravel/framework/src/Illuminate/Console/Application.php(258): Illuminate\\Foundation\\Application->make()
#6 /var/www/html/skechers/vendor/laravel/framework/src/Illuminate/Foundation/Console/Kernel.php(244): Illuminate\\Console\\Application->resolve()
#7 /var/www/html/skechers/vendor/laravel/framework/src/Illuminate/Console/Application.php(149): Illuminate\\Foundation\\Console\\Kernel->Illuminate\\Foundation\\Console\\{closure}()
#8 /var/www/html/skechers/vendor/laravel/framework/src/Illuminate/Console/Application.php(72): Illuminate\\Console\\Application->bootstrap()
#9 /var/www/html/skechers/vendor/laravel/framework/src/Illuminate/Foundation/Console/Kernel.php(342): Illuminate\\Console\\Application->__construct()
#10 /var/www/html/skechers/vendor/laravel/framework/src/Illuminate/Foundation/Console/Kernel.php(133): Illuminate\\Foundation\\Console\\Kernel->getArtisan()
#11 Command line code(1): Illuminate\\Foundation\\Console\\Kernel->handle()
#12 {main}
"} 
[2024-02-23 18:23:54] local.ERROR: Class App\Utils\TransactionUtil does not exist {"exception":"[object] (ReflectionException(code: 0): Class App\\Utils\\TransactionUtil does not exist at /var/www/html/skechers/vendor/laravel/framework/src/Illuminate/Container/Container.php:853, ParseError(code: 0): syntax error, unexpected '<<' (T_SL), expecting ']' at /var/www/html/skechers/app/Utils/TransactionUtil.php:61)
[stacktrace]
#0 /var/www/html/skechers/vendor/laravel/framework/src/Illuminate/Container/Container.php(853): ReflectionParameter->getClass()
#1 /var/www/html/skechers/vendor/laravel/framework/src/Illuminate/Container/Container.php(816): Illuminate\\Container\\Container->resolveDependencies()
#2 /var/www/html/skechers/vendor/laravel/framework/src/Illuminate/Container/Container.php(667): Illuminate\\Container\\Container->build()
#3 /var/www/html/skechers/vendor/laravel/framework/src/Illuminate/Container/Container.php(615): Illuminate\\Container\\Container->resolve()
#4 /var/www/html/skechers/vendor/laravel/framework/src/Illuminate/Foundation/Application.php(767): Illuminate\\Container\\Container->make()
#5 /var/www/html/skechers/vendor/laravel/framework/src/Illuminate/Console/Application.php(258): Illuminate\\Foundation\\Application->make()
#6 /var/www/html/skechers/vendor/laravel/framework/src/Illuminate/Foundation/Console/Kernel.php(244): Illuminate\\Console\\Application->resolve()
#7 /var/www/html/skechers/vendor/laravel/framework/src/Illuminate/Console/Application.php(149): Illuminate\\Foundation\\Console\\Kernel->Illuminate\\Foundation\\Console\\{closure}()
#8 /var/www/html/skechers/vendor/laravel/framework/src/Illuminate/Console/Application.php(72): Illuminate\\Console\\Application->bootstrap()
#9 /var/www/html/skechers/vendor/laravel/framework/src/Illuminate/Foundation/Console/Kernel.php(342): Illuminate\\Console\\Application->__construct()
#10 /var/www/html/skechers/vendor/laravel/framework/src/Illuminate/Foundation/Console/Kernel.php(133): Illuminate\\Foundation\\Console\\Kernel->getArtisan()
#11 Command line code(1): Illuminate\\Foundation\\Console\\Kernel->handle()
#12 {main}
"} 
[2024-02-23 18:23:57] local.ERROR: Class App\Utils\TransactionUtil does not exist {"exception":"[object] (ReflectionException(code: 0): Class App\\Utils\\TransactionUtil does not exist at /var/www/html/skechers/vendor/laravel/framework/src/Illuminate/Container/Container.php:853, ParseError(code: 0): syntax error, unexpected '<<' (T_SL), expecting ']' at /var/www/html/skechers/app/Utils/TransactionUtil.php:61)
[stacktrace]
#0 /var/www/html/skechers/vendor/laravel/framework/src/Illuminate/Container/Container.php(853): ReflectionParameter->getClass()
#1 /var/www/html/skechers/vendor/laravel/framework/src/Illuminate/Container/Container.php(816): Illuminate\\Container\\Container->resolveDependencies()
#2 /var/www/html/skechers/vendor/laravel/framework/src/Illuminate/Container/Container.php(667): Illuminate\\Container\\Container->build()
#3 /var/www/html/skechers/vendor/laravel/framework/src/Illuminate/Container/Container.php(615): Illuminate\\Container\\Container->resolve()
#4 /var/www/html/skechers/vendor/laravel/framework/src/Illuminate/Foundation/Application.php(767): Illuminate\\Container\\Container->make()
#5 /var/www/html/skechers/vendor/laravel/framework/src/Illuminate/Routing/Route.php(233): Illuminate\\Foundation\\Application->make()
#6 /var/www/html/skechers/vendor/laravel/framework/src/Illuminate/Routing/Route.php(833): Illuminate\\Routing\\Route->getController()
#7 /var/www/html/skechers/vendor/laravel/framework/src/Illuminate/Routing/Route.php(794): Illuminate\\Routing\\Route->controllerMiddleware()
#8 /var/www/html/skechers/vendor/laravel/framework/src/Illuminate/Routing/Router.php(693): Illuminate\\Routing\\Route->gatherMiddleware()
#9 /var/www/html/skechers/vendor/laravel/framework/src/Illuminate/Routing/Router.php(673): Illuminate\\Routing\\Router->gatherRouteMiddleware()
#10 /var/www/html/skechers/vendor/laravel/framework/src/Illuminate/Routing/Router.php(657): Illuminate\\Routing\\Router->runRouteWithinStack()
#11 /var/www/html/skechers/vendor/laravel/framework/src/Illuminate/Routing/Router.php(623): Illuminate\\Routing\\Router->runRoute()
#12 /var/www/html/skechers/vendor/laravel/framework/src/Illuminate/Routing/Router.php(612): Illuminate\\Routing\\Router->dispatchToRoute()
#13 /var/www/html/skechers/vendor/laravel/framework/src/Illuminate/Foundation/Http/Kernel.php(176): Illuminate\\Routing\\Router->dispatch()
#14 /var/www/html/skechers/vendor/laravel/framework/src/Illuminate/Routing/Pipeline.php(30): Illuminate\\Foundation\\Http\\Kernel->Illuminate\\Foundation\\Http\\{closure}()
#15 /var/www/html/skechers/vendor/barryvdh/laravel-debugbar/src/Middleware/InjectDebugbar.php(58): Illuminate\\Routing\\Pipeline->Illuminate\\Routing\\{closure}()
#16 /var/www/html/skechers/vendor/laravel/framework/src/Illuminate/Pipeline/Pipeline.php(163): Barryvdh\\Debugbar\\Middleware\\InjectDebugbar->handle()
#17 /var/www/html/skechers/vendor/laravel/framework/src/Illuminate/Routing/Pipeline.php(53): Illuminate\\Pipeline\\Pipeline->Illuminate\\Pipeline\\{closure}()
#18 /var/www/html/skechers/vendor/fideloper/proxy/src/TrustProxies.php(57): Illuminate\\Routing\\Pipeline->Illuminate\\Routing\\{closure}()
#19 /var/www/html/skechers/vendor/laravel/framework/src/Illuminate/Pipeline/Pipeline.php(163): Fideloper\\Proxy\\TrustProxies->handle()
#20 /var/www/html/skechers/vendor/laravel/framework/src/Illuminate/Routing/Pipeline.php(53): Illuminate\\Pipeline\\Pipeline->Illuminate\\Pipeline\\{closure}()
#21 /var/www/html/skechers/vendor/laravel/framework/src/Illuminate/Foundation/Http/Middleware/TransformsRequest.php(21): Illuminate\\Routing\\Pipeline->Illuminate\\Routing\\{closure}()
#22 /var/www/html/skechers/vendor/laravel/framework/src/Illuminate/Pipeline/Pipeline.php(163): Illuminate\\Foundation\\Http\\Middleware\\TransformsRequest->handle()
#23 /var/www/html/skechers/vendor/laravel/framework/src/Illuminate/Routing/Pipeline.php(53): Illuminate\\Pipeline\\Pipeline->Illuminate\\Pipeline\\{closure}()
#24 /var/www/html/skechers/vendor/laravel/framework/src/Illuminate/Foundation/Http/Middleware/TransformsRequest.php(21): Illuminate\\Routing\\Pipeline->Illuminate\\Routing\\{closure}()
#25 /var/www/html/skechers/vendor/laravel/framework/src/Illuminate/Pipeline/Pipeline.php(163): Illuminate\\Foundation\\Http\\Middleware\\TransformsRequest->handle()
#26 /var/www/html/skechers/vendor/laravel/framework/src/Illuminate/Routing/Pipeline.php(53): Illuminate\\Pipeline\\Pipeline->Illuminate\\Pipeline\\{closure}()
#27 /var/www/html/skechers/vendor/laravel/framework/src/Illuminate/Foundation/Http/Middleware/ValidatePostSize.php(27): Illuminate\\Routing\\Pipeline->Illuminate\\Routing\\{closure}()
#28 /var/www/html/skechers/vendor/laravel/framework/src/Illuminate/Pipeline/Pipeline.php(163): Illuminate\\Foundation\\Http\\Middleware\\ValidatePostSize->handle()
#29 /var/www/html/skechers/vendor/laravel/framework/src/Illuminate/Routing/Pipeline.php(53): Illuminate\\Pipeline\\Pipeline->Illuminate\\Pipeline\\{closure}()
#30 /var/www/html/skechers/vendor/laravel/framework/src/Illuminate/Foundation/Http/Middleware/CheckForMaintenanceMode.php(62): Illuminate\\Routing\\Pipeline->Illuminate\\Routing\\{closure}()
#31 /var/www/html/skechers/vendor/laravel/framework/src/Illuminate/Pipeline/Pipeline.php(163): Illuminate\\Foundation\\Http\\Middleware\\CheckForMaintenanceMode->handle()
#32 /var/www/html/skechers/vendor/laravel/framework/src/Illuminate/Routing/Pipeline.php(53): Illuminate\\Pipeline\\Pipeline->Illuminate\\Pipeline\\{closure}()
#33 /var/www/html/skechers/vendor/laravel/framework/src/Illuminate/Pipeline/Pipeline.php(104): Illuminate\\Routing\\Pipeline->Illuminate\\Routing\\{closure}()
#34 /var/www/html/skechers/vendor/laravel/framework/src/Illuminate/Foundation/Http/Kernel.php(151): Illuminate\\Pipeline\\Pipeline->then()
#35 /var/www/html/skechers/vendor/laravel/framework/src/Illuminate/Foundation/Http/Kernel.php(116): Illuminate\\Foundation\\Http\\Kernel->sendRequestThroughRouter()
#36 /var/www/html/skechers/public/index.php(53): Illuminate\\Foundation\\Http\\Kernel->handle()
#37 /var/www/html/skechers/server.php(21): require_once('/var/www/html/s...')
#38 {main}
"} 
[2024-02-23 18:24:02] local.ERROR: Class App\Utils\TransactionUtil does not exist {"exception":"[object] (ReflectionException(code: 0): Class App\\Utils\\TransactionUtil does not exist at /var/www/html/skechers/vendor/laravel/framework/src/Illuminate/Container/Container.php:853, ParseError(code: 0): syntax error, unexpected '<<' (T_SL), expecting ']' at /var/www/html/skechers/app/Utils/TransactionUtil.php:61)
[stacktrace]
#0 /var/www/html/skechers/vendor/laravel/framework/src/Illuminate/Container/Container.php(853): ReflectionParameter->getClass()
#1 /var/www/html/skechers/vendor/laravel/framework/src/Illuminate/Container/Container.php(816): Illuminate\\Container\\Container->resolveDependencies()
#2 /var/www/html/skechers/vendor/laravel/framework/src/Illuminate/Container/Container.php(667): Illuminate\\Container\\Container->build()
#3 /var/www/html/skechers/vendor/laravel/framework/src/Illuminate/Container/Container.php(615): Illuminate\\Container\\Container->resolve()
#4 /var/www/html/skechers/vendor/laravel/framework/src/Illuminate/Foundation/Application.php(767): Illuminate\\Container\\Container->make()
#5 /var/www/html/skechers/vendor/laravel/framework/src/Illuminate/Console/Application.php(258): Illuminate\\Foundation\\Application->make()
#6 /var/www/html/skechers/vendor/laravel/framework/src/Illuminate/Foundation/Console/Kernel.php(244): Illuminate\\Console\\Application->resolve()
#7 /var/www/html/skechers/vendor/laravel/framework/src/Illuminate/Console/Application.php(149): Illuminate\\Foundation\\Console\\Kernel->Illuminate\\Foundation\\Console\\{closure}()
#8 /var/www/html/skechers/vendor/laravel/framework/src/Illuminate/Console/Application.php(72): Illuminate\\Console\\Application->bootstrap()
#9 /var/www/html/skechers/vendor/laravel/framework/src/Illuminate/Foundation/Console/Kernel.php(342): Illuminate\\Console\\Application->__construct()
#10 /var/www/html/skechers/vendor/laravel/framework/src/Illuminate/Foundation/Console/Kernel.php(133): Illuminate\\Foundation\\Console\\Kernel->getArtisan()
#11 Command line code(1): Illuminate\\Foundation\\Console\\Kernel->handle()
#12 {main}
"} 
[2024-02-23 18:24:02] local.ERROR: Class App\Utils\TransactionUtil does not exist {"exception":"[object] (ReflectionException(code: 0): Class App\\Utils\\TransactionUtil does not exist at /var/www/html/skechers/vendor/laravel/framework/src/Illuminate/Container/Container.php:853, ParseError(code: 0): syntax error, unexpected '<<' (T_SL), expecting ']' at /var/www/html/skechers/app/Utils/TransactionUtil.php:61)
[stacktrace]
#0 /var/www/html/skechers/vendor/laravel/framework/src/Illuminate/Container/Container.php(853): ReflectionParameter->getClass()
#1 /var/www/html/skechers/vendor/laravel/framework/src/Illuminate/Container/Container.php(816): Illuminate\\Container\\Container->resolveDependencies()
#2 /var/www/html/skechers/vendor/laravel/framework/src/Illuminate/Container/Container.php(667): Illuminate\\Container\\Container->build()
#3 /var/www/html/skechers/vendor/laravel/framework/src/Illuminate/Container/Container.php(615): Illuminate\\Container\\Container->resolve()
#4 /var/www/html/skechers/vendor/laravel/framework/src/Illuminate/Foundation/Application.php(767): Illuminate\\Container\\Container->make()
#5 /var/www/html/skechers/vendor/laravel/framework/src/Illuminate/Console/Application.php(258): Illuminate\\Foundation\\Application->make()
#6 /var/www/html/skechers/vendor/laravel/framework/src/Illuminate/Foundation/Console/Kernel.php(244): Illuminate\\Console\\Application->resolve()
#7 /var/www/html/skechers/vendor/laravel/framework/src/Illuminate/Console/Application.php(149): Illuminate\\Foundation\\Console\\Kernel->Illuminate\\Foundation\\Console\\{closure}()
#8 /var/www/html/skechers/vendor/laravel/framework/src/Illuminate/Console/Application.php(72): Illuminate\\Console\\Application->bootstrap()
#9 /var/www/html/skechers/vendor/laravel/framework/src/Illuminate/Foundation/Console/Kernel.php(342): Illuminate\\Console\\Application->__construct()
#10 /var/www/html/skechers/vendor/laravel/framework/src/Illuminate/Foundation/Console/Kernel.php(133): Illuminate\\Foundation\\Console\\Kernel->getArtisan()
#11 Command line code(1): Illuminate\\Foundation\\Console\\Kernel->handle()
#12 {main}
"} 
[2024-02-23 18:24:02] local.ERROR: Uncaught ReflectionException: Class App\Policies\ModelPolicy does not exist in Command line code:1
Stack trace:
#0 Command line code(1): ReflectionClass->__construct()
#1 [internal function]: {closure}()
#2 Command line code(1): array_map()
#3 {main}
  thrown {"exception":"[object] (Symfony\\Component\\Debug\\Exception\\FatalErrorException(code: 1): Uncaught ReflectionException: Class App\\Policies\\ModelPolicy does not exist in Command line code:1
Stack trace:
#0 Command line code(1): ReflectionClass->__construct()
#1 [internal function]: {closure}()
#2 Command line code(1): array_map()
#3 {main}
  thrown at Command line code:1)
[stacktrace]
#0 {main}
"} 
[2024-02-23 18:24:57] local.ERROR: Class App\Utils\TransactionUtil does not exist {"exception":"[object] (ReflectionException(code: 0): Class App\\Utils\\TransactionUtil does not exist at /var/www/html/skechers/vendor/laravel/framework/src/Illuminate/Container/Container.php:853, ParseError(code: 0): syntax error, unexpected '<<' (T_SL), expecting ']' at /var/www/html/skechers/app/Utils/TransactionUtil.php:61)
[stacktrace]
#0 /var/www/html/skechers/vendor/laravel/framework/src/Illuminate/Container/Container.php(853): ReflectionParameter->getClass()
#1 /var/www/html/skechers/vendor/laravel/framework/src/Illuminate/Container/Container.php(816): Illuminate\\Container\\Container->resolveDependencies()
#2 /var/www/html/skechers/vendor/laravel/framework/src/Illuminate/Container/Container.php(667): Illuminate\\Container\\Container->build()
#3 /var/www/html/skechers/vendor/laravel/framework/src/Illuminate/Container/Container.php(615): Illuminate\\Container\\Container->resolve()
#4 /var/www/html/skechers/vendor/laravel/framework/src/Illuminate/Foundation/Application.php(767): Illuminate\\Container\\Container->make()
#5 /var/www/html/skechers/vendor/laravel/framework/src/Illuminate/Routing/Route.php(233): Illuminate\\Foundation\\Application->make()
#6 /var/www/html/skechers/vendor/laravel/framework/src/Illuminate/Routing/Route.php(833): Illuminate\\Routing\\Route->getController()
#7 /var/www/html/skechers/vendor/laravel/framework/src/Illuminate/Routing/Route.php(794): Illuminate\\Routing\\Route->controllerMiddleware()
#8 /var/www/html/skechers/vendor/laravel/framework/src/Illuminate/Routing/Router.php(693): Illuminate\\Routing\\Route->gatherMiddleware()
#9 /var/www/html/skechers/vendor/laravel/framework/src/Illuminate/Routing/Router.php(673): Illuminate\\Routing\\Router->gatherRouteMiddleware()
#10 /var/www/html/skechers/vendor/laravel/framework/src/Illuminate/Routing/Router.php(657): Illuminate\\Routing\\Router->runRouteWithinStack()
#11 /var/www/html/skechers/vendor/laravel/framework/src/Illuminate/Routing/Router.php(623): Illuminate\\Routing\\Router->runRoute()
#12 /var/www/html/skechers/vendor/laravel/framework/src/Illuminate/Routing/Router.php(612): Illuminate\\Routing\\Router->dispatchToRoute()
#13 /var/www/html/skechers/vendor/laravel/framework/src/Illuminate/Foundation/Http/Kernel.php(176): Illuminate\\Routing\\Router->dispatch()
#14 /var/www/html/skechers/vendor/laravel/framework/src/Illuminate/Routing/Pipeline.php(30): Illuminate\\Foundation\\Http\\Kernel->Illuminate\\Foundation\\Http\\{closure}()
#15 /var/www/html/skechers/vendor/barryvdh/laravel-debugbar/src/Middleware/InjectDebugbar.php(58): Illuminate\\Routing\\Pipeline->Illuminate\\Routing\\{closure}()
#16 /var/www/html/skechers/vendor/laravel/framework/src/Illuminate/Pipeline/Pipeline.php(163): Barryvdh\\Debugbar\\Middleware\\InjectDebugbar->handle()
#17 /var/www/html/skechers/vendor/laravel/framework/src/Illuminate/Routing/Pipeline.php(53): Illuminate\\Pipeline\\Pipeline->Illuminate\\Pipeline\\{closure}()
#18 /var/www/html/skechers/vendor/fideloper/proxy/src/TrustProxies.php(57): Illuminate\\Routing\\Pipeline->Illuminate\\Routing\\{closure}()
#19 /var/www/html/skechers/vendor/laravel/framework/src/Illuminate/Pipeline/Pipeline.php(163): Fideloper\\Proxy\\TrustProxies->handle()
#20 /var/www/html/skechers/vendor/laravel/framework/src/Illuminate/Routing/Pipeline.php(53): Illuminate\\Pipeline\\Pipeline->Illuminate\\Pipeline\\{closure}()
#21 /var/www/html/skechers/vendor/laravel/framework/src/Illuminate/Foundation/Http/Middleware/TransformsRequest.php(21): Illuminate\\Routing\\Pipeline->Illuminate\\Routing\\{closure}()
#22 /var/www/html/skechers/vendor/laravel/framework/src/Illuminate/Pipeline/Pipeline.php(163): Illuminate\\Foundation\\Http\\Middleware\\TransformsRequest->handle()
#23 /var/www/html/skechers/vendor/laravel/framework/src/Illuminate/Routing/Pipeline.php(53): Illuminate\\Pipeline\\Pipeline->Illuminate\\Pipeline\\{closure}()
#24 /var/www/html/skechers/vendor/laravel/framework/src/Illuminate/Foundation/Http/Middleware/TransformsRequest.php(21): Illuminate\\Routing\\Pipeline->Illuminate\\Routing\\{closure}()
#25 /var/www/html/skechers/vendor/laravel/framework/src/Illuminate/Pipeline/Pipeline.php(163): Illuminate\\Foundation\\Http\\Middleware\\TransformsRequest->handle()
#26 /var/www/html/skechers/vendor/laravel/framework/src/Illuminate/Routing/Pipeline.php(53): Illuminate\\Pipeline\\Pipeline->Illuminate\\Pipeline\\{closure}()
#27 /var/www/html/skechers/vendor/laravel/framework/src/Illuminate/Foundation/Http/Middleware/ValidatePostSize.php(27): Illuminate\\Routing\\Pipeline->Illuminate\\Routing\\{closure}()
#28 /var/www/html/skechers/vendor/laravel/framework/src/Illuminate/Pipeline/Pipeline.php(163): Illuminate\\Foundation\\Http\\Middleware\\ValidatePostSize->handle()
#29 /var/www/html/skechers/vendor/laravel/framework/src/Illuminate/Routing/Pipeline.php(53): Illuminate\\Pipeline\\Pipeline->Illuminate\\Pipeline\\{closure}()
#30 /var/www/html/skechers/vendor/laravel/framework/src/Illuminate/Foundation/Http/Middleware/CheckForMaintenanceMode.php(62): Illuminate\\Routing\\Pipeline->Illuminate\\Routing\\{closure}()
#31 /var/www/html/skechers/vendor/laravel/framework/src/Illuminate/Pipeline/Pipeline.php(163): Illuminate\\Foundation\\Http\\Middleware\\CheckForMaintenanceMode->handle()
#32 /var/www/html/skechers/vendor/laravel/framework/src/Illuminate/Routing/Pipeline.php(53): Illuminate\\Pipeline\\Pipeline->Illuminate\\Pipeline\\{closure}()
#33 /var/www/html/skechers/vendor/laravel/framework/src/Illuminate/Pipeline/Pipeline.php(104): Illuminate\\Routing\\Pipeline->Illuminate\\Routing\\{closure}()
#34 /var/www/html/skechers/vendor/laravel/framework/src/Illuminate/Foundation/Http/Kernel.php(151): Illuminate\\Pipeline\\Pipeline->then()
#35 /var/www/html/skechers/vendor/laravel/framework/src/Illuminate/Foundation/Http/Kernel.php(116): Illuminate\\Foundation\\Http\\Kernel->sendRequestThroughRouter()
#36 /var/www/html/skechers/public/index.php(53): Illuminate\\Foundation\\Http\\Kernel->handle()
#37 /var/www/html/skechers/server.php(21): require_once('/var/www/html/s...')
#38 {main}
"} 
[2024-02-23 18:25:02] local.ERROR: Class App\Utils\TransactionUtil does not exist {"exception":"[object] (ReflectionException(code: 0): Class App\\Utils\\TransactionUtil does not exist at /var/www/html/skechers/vendor/laravel/framework/src/Illuminate/Container/Container.php:853, ParseError(code: 0): syntax error, unexpected '<<' (T_SL), expecting ']' at /var/www/html/skechers/app/Utils/TransactionUtil.php:61)
[stacktrace]
#0 /var/www/html/skechers/vendor/laravel/framework/src/Illuminate/Container/Container.php(853): ReflectionParameter->getClass()
#1 /var/www/html/skechers/vendor/laravel/framework/src/Illuminate/Container/Container.php(816): Illuminate\\Container\\Container->resolveDependencies()
#2 /var/www/html/skechers/vendor/laravel/framework/src/Illuminate/Container/Container.php(667): Illuminate\\Container\\Container->build()
#3 /var/www/html/skechers/vendor/laravel/framework/src/Illuminate/Container/Container.php(615): Illuminate\\Container\\Container->resolve()
#4 /var/www/html/skechers/vendor/laravel/framework/src/Illuminate/Foundation/Application.php(767): Illuminate\\Container\\Container->make()
#5 /var/www/html/skechers/vendor/laravel/framework/src/Illuminate/Console/Application.php(258): Illuminate\\Foundation\\Application->make()
#6 /var/www/html/skechers/vendor/laravel/framework/src/Illuminate/Foundation/Console/Kernel.php(244): Illuminate\\Console\\Application->resolve()
#7 /var/www/html/skechers/vendor/laravel/framework/src/Illuminate/Console/Application.php(149): Illuminate\\Foundation\\Console\\Kernel->Illuminate\\Foundation\\Console\\{closure}()
#8 /var/www/html/skechers/vendor/laravel/framework/src/Illuminate/Console/Application.php(72): Illuminate\\Console\\Application->bootstrap()
#9 /var/www/html/skechers/vendor/laravel/framework/src/Illuminate/Foundation/Console/Kernel.php(342): Illuminate\\Console\\Application->__construct()
#10 /var/www/html/skechers/vendor/laravel/framework/src/Illuminate/Foundation/Console/Kernel.php(133): Illuminate\\Foundation\\Console\\Kernel->getArtisan()
#11 Command line code(1): Illuminate\\Foundation\\Console\\Kernel->handle()
#12 {main}
"} 
[2024-02-23 18:25:02] local.ERROR: Class App\Utils\TransactionUtil does not exist {"exception":"[object] (ReflectionException(code: 0): Class App\\Utils\\TransactionUtil does not exist at /var/www/html/skechers/vendor/laravel/framework/src/Illuminate/Container/Container.php:853, ParseError(code: 0): syntax error, unexpected '<<' (T_SL), expecting ']' at /var/www/html/skechers/app/Utils/TransactionUtil.php:61)
[stacktrace]
#0 /var/www/html/skechers/vendor/laravel/framework/src/Illuminate/Container/Container.php(853): ReflectionParameter->getClass()
#1 /var/www/html/skechers/vendor/laravel/framework/src/Illuminate/Container/Container.php(816): Illuminate\\Container\\Container->resolveDependencies()
#2 /var/www/html/skechers/vendor/laravel/framework/src/Illuminate/Container/Container.php(667): Illuminate\\Container\\Container->build()
#3 /var/www/html/skechers/vendor/laravel/framework/src/Illuminate/Container/Container.php(615): Illuminate\\Container\\Container->resolve()
#4 /var/www/html/skechers/vendor/laravel/framework/src/Illuminate/Foundation/Application.php(767): Illuminate\\Container\\Container->make()
#5 /var/www/html/skechers/vendor/laravel/framework/src/Illuminate/Console/Application.php(258): Illuminate\\Foundation\\Application->make()
#6 /var/www/html/skechers/vendor/laravel/framework/src/Illuminate/Foundation/Console/Kernel.php(244): Illuminate\\Console\\Application->resolve()
#7 /var/www/html/skechers/vendor/laravel/framework/src/Illuminate/Console/Application.php(149): Illuminate\\Foundation\\Console\\Kernel->Illuminate\\Foundation\\Console\\{closure}()
#8 /var/www/html/skechers/vendor/laravel/framework/src/Illuminate/Console/Application.php(72): Illuminate\\Console\\Application->bootstrap()
#9 /var/www/html/skechers/vendor/laravel/framework/src/Illuminate/Foundation/Console/Kernel.php(342): Illuminate\\Console\\Application->__construct()
#10 /var/www/html/skechers/vendor/laravel/framework/src/Illuminate/Foundation/Console/Kernel.php(133): Illuminate\\Foundation\\Console\\Kernel->getArtisan()
#11 Command line code(1): Illuminate\\Foundation\\Console\\Kernel->handle()
#12 {main}
"} 
[2024-02-23 18:25:02] local.ERROR: Uncaught ReflectionException: Class App\Policies\ModelPolicy does not exist in Command line code:1
Stack trace:
#0 Command line code(1): ReflectionClass->__construct()
#1 [internal function]: {closure}()
#2 Command line code(1): array_map()
#3 {main}
  thrown {"exception":"[object] (Symfony\\Component\\Debug\\Exception\\FatalErrorException(code: 1): Uncaught ReflectionException: Class App\\Policies\\ModelPolicy does not exist in Command line code:1
Stack trace:
#0 Command line code(1): ReflectionClass->__construct()
#1 [internal function]: {closure}()
#2 Command line code(1): array_map()
#3 {main}
  thrown at Command line code:1)
[stacktrace]
#0 {main}
"} 
