[2024-06-26 19:02:19] local.ERROR: Uncaught ReflectionException: Class App\Policies\ModelPolicy does not exist in Command line code:1
Stack trace:
#0 Command line code(1): ReflectionClass->__construct()
#1 [internal function]: {closure}()
#2 Command line code(1): array_map()
#3 {main}
  thrown {"exception":"[object] (Symfony\\Component\\Debug\\Exception\\FatalErrorException(code: 1): Uncaught ReflectionException: Class App\\Policies\\ModelPolicy does not exist in Command line code:1
Stack trace:
#0 Command line code(1): ReflectionClass->__construct()
#1 [internal function]: {closure}()
#2 Command line code(1): array_map()
#3 {main}
  thrown at Command line code:1)
[stacktrace]
#0 {main}
"} 
[2024-06-26 19:03:19] local.ERROR: Uncaught ReflectionException: Class App\Policies\ModelPolicy does not exist in Command line code:1
Stack trace:
#0 Command line code(1): ReflectionClass->__construct()
#1 [internal function]: {closure}()
#2 Command line code(1): array_map()
#3 {main}
  thrown {"exception":"[object] (Symfony\\Component\\Debug\\Exception\\FatalErrorException(code: 1): Uncaught ReflectionException: Class App\\Policies\\ModelPolicy does not exist in Command line code:1
Stack trace:
#0 Command line code(1): ReflectionClass->__construct()
#1 [internal function]: {closure}()
#2 Command line code(1): array_map()
#3 {main}
  thrown at Command line code:1)
[stacktrace]
#0 {main}
"} 
[2024-06-26 19:04:19] local.ERROR: Uncaught ReflectionException: Class App\Policies\ModelPolicy does not exist in Command line code:1
Stack trace:
#0 Command line code(1): ReflectionClass->__construct()
#1 [internal function]: {closure}()
#2 Command line code(1): array_map()
#3 {main}
  thrown {"exception":"[object] (Symfony\\Component\\Debug\\Exception\\FatalErrorException(code: 1): Uncaught ReflectionException: Class App\\Policies\\ModelPolicy does not exist in Command line code:1
Stack trace:
#0 Command line code(1): ReflectionClass->__construct()
#1 [internal function]: {closure}()
#2 Command line code(1): array_map()
#3 {main}
  thrown at Command line code:1)
[stacktrace]
#0 {main}
"} 
[2024-06-26 19:05:19] local.ERROR: Uncaught ReflectionException: Class App\Policies\ModelPolicy does not exist in Command line code:1
Stack trace:
#0 Command line code(1): ReflectionClass->__construct()
#1 [internal function]: {closure}()
#2 Command line code(1): array_map()
#3 {main}
  thrown {"exception":"[object] (Symfony\\Component\\Debug\\Exception\\FatalErrorException(code: 1): Uncaught ReflectionException: Class App\\Policies\\ModelPolicy does not exist in Command line code:1
Stack trace:
#0 Command line code(1): ReflectionClass->__construct()
#1 [internal function]: {closure}()
#2 Command line code(1): array_map()
#3 {main}
  thrown at Command line code:1)
[stacktrace]
#0 {main}
"} 
[2024-06-26 19:06:19] local.ERROR: Uncaught ReflectionException: Class App\Policies\ModelPolicy does not exist in Command line code:1
Stack trace:
#0 Command line code(1): ReflectionClass->__construct()
#1 [internal function]: {closure}()
#2 Command line code(1): array_map()
#3 {main}
  thrown {"exception":"[object] (Symfony\\Component\\Debug\\Exception\\FatalErrorException(code: 1): Uncaught ReflectionException: Class App\\Policies\\ModelPolicy does not exist in Command line code:1
Stack trace:
#0 Command line code(1): ReflectionClass->__construct()
#1 [internal function]: {closure}()
#2 Command line code(1): array_map()
#3 {main}
  thrown at Command line code:1)
[stacktrace]
#0 {main}
"} 
[2024-06-26 19:07:19] local.ERROR: Uncaught ReflectionException: Class App\Policies\ModelPolicy does not exist in Command line code:1
Stack trace:
#0 Command line code(1): ReflectionClass->__construct()
#1 [internal function]: {closure}()
#2 Command line code(1): array_map()
#3 {main}
  thrown {"exception":"[object] (Symfony\\Component\\Debug\\Exception\\FatalErrorException(code: 1): Uncaught ReflectionException: Class App\\Policies\\ModelPolicy does not exist in Command line code:1
Stack trace:
#0 Command line code(1): ReflectionClass->__construct()
#1 [internal function]: {closure}()
#2 Command line code(1): array_map()
#3 {main}
  thrown at Command line code:1)
[stacktrace]
#0 {main}
"} 
[2024-06-26 19:08:19] local.ERROR: Uncaught ReflectionException: Class App\Policies\ModelPolicy does not exist in Command line code:1
Stack trace:
#0 Command line code(1): ReflectionClass->__construct()
#1 [internal function]: {closure}()
#2 Command line code(1): array_map()
#3 {main}
  thrown {"exception":"[object] (Symfony\\Component\\Debug\\Exception\\FatalErrorException(code: 1): Uncaught ReflectionException: Class App\\Policies\\ModelPolicy does not exist in Command line code:1
Stack trace:
#0 Command line code(1): ReflectionClass->__construct()
#1 [internal function]: {closure}()
#2 Command line code(1): array_map()
#3 {main}
  thrown at Command line code:1)
[stacktrace]
#0 {main}
"} 
[2024-06-26 19:09:19] local.ERROR: Uncaught ReflectionException: Class App\Policies\ModelPolicy does not exist in Command line code:1
Stack trace:
#0 Command line code(1): ReflectionClass->__construct()
#1 [internal function]: {closure}()
#2 Command line code(1): array_map()
#3 {main}
  thrown {"exception":"[object] (Symfony\\Component\\Debug\\Exception\\FatalErrorException(code: 1): Uncaught ReflectionException: Class App\\Policies\\ModelPolicy does not exist in Command line code:1
Stack trace:
#0 Command line code(1): ReflectionClass->__construct()
#1 [internal function]: {closure}()
#2 Command line code(1): array_map()
#3 {main}
  thrown at Command line code:1)
[stacktrace]
#0 {main}
"} 
[2024-06-26 19:10:19] local.ERROR: Uncaught ReflectionException: Class App\Policies\ModelPolicy does not exist in Command line code:1
Stack trace:
#0 Command line code(1): ReflectionClass->__construct()
#1 [internal function]: {closure}()
#2 Command line code(1): array_map()
#3 {main}
  thrown {"exception":"[object] (Symfony\\Component\\Debug\\Exception\\FatalErrorException(code: 1): Uncaught ReflectionException: Class App\\Policies\\ModelPolicy does not exist in Command line code:1
Stack trace:
#0 Command line code(1): ReflectionClass->__construct()
#1 [internal function]: {closure}()
#2 Command line code(1): array_map()
#3 {main}
  thrown at Command line code:1)
[stacktrace]
#0 {main}
"} 
[2024-06-26 19:11:19] local.ERROR: Uncaught ReflectionException: Class App\Policies\ModelPolicy does not exist in Command line code:1
Stack trace:
#0 Command line code(1): ReflectionClass->__construct()
#1 [internal function]: {closure}()
#2 Command line code(1): array_map()
#3 {main}
  thrown {"exception":"[object] (Symfony\\Component\\Debug\\Exception\\FatalErrorException(code: 1): Uncaught ReflectionException: Class App\\Policies\\ModelPolicy does not exist in Command line code:1
Stack trace:
#0 Command line code(1): ReflectionClass->__construct()
#1 [internal function]: {closure}()
#2 Command line code(1): array_map()
#3 {main}
  thrown at Command line code:1)
[stacktrace]
#0 {main}
"} 
[2024-06-26 19:12:19] local.ERROR: Uncaught ReflectionException: Class App\Policies\ModelPolicy does not exist in Command line code:1
Stack trace:
#0 Command line code(1): ReflectionClass->__construct()
#1 [internal function]: {closure}()
#2 Command line code(1): array_map()
#3 {main}
  thrown {"exception":"[object] (Symfony\\Component\\Debug\\Exception\\FatalErrorException(code: 1): Uncaught ReflectionException: Class App\\Policies\\ModelPolicy does not exist in Command line code:1
Stack trace:
#0 Command line code(1): ReflectionClass->__construct()
#1 [internal function]: {closure}()
#2 Command line code(1): array_map()
#3 {main}
  thrown at Command line code:1)
[stacktrace]
#0 {main}
"} 
[2024-06-26 19:13:19] local.ERROR: Uncaught ReflectionException: Class App\Policies\ModelPolicy does not exist in Command line code:1
Stack trace:
#0 Command line code(1): ReflectionClass->__construct()
#1 [internal function]: {closure}()
#2 Command line code(1): array_map()
#3 {main}
  thrown {"exception":"[object] (Symfony\\Component\\Debug\\Exception\\FatalErrorException(code: 1): Uncaught ReflectionException: Class App\\Policies\\ModelPolicy does not exist in Command line code:1
Stack trace:
#0 Command line code(1): ReflectionClass->__construct()
#1 [internal function]: {closure}()
#2 Command line code(1): array_map()
#3 {main}
  thrown at Command line code:1)
[stacktrace]
#0 {main}
"} 
[2024-06-26 19:14:19] local.ERROR: Uncaught ReflectionException: Class App\Policies\ModelPolicy does not exist in Command line code:1
Stack trace:
#0 Command line code(1): ReflectionClass->__construct()
#1 [internal function]: {closure}()
#2 Command line code(1): array_map()
#3 {main}
  thrown {"exception":"[object] (Symfony\\Component\\Debug\\Exception\\FatalErrorException(code: 1): Uncaught ReflectionException: Class App\\Policies\\ModelPolicy does not exist in Command line code:1
Stack trace:
#0 Command line code(1): ReflectionClass->__construct()
#1 [internal function]: {closure}()
#2 Command line code(1): array_map()
#3 {main}
  thrown at Command line code:1)
[stacktrace]
#0 {main}
"} 
